<?xml version="1.0" encoding="UTF-8"?>
<!-- Generated by org.testng.reporters.JUnitReportReporter -->
<testsuite hostname="DESKTOP-TV5S1MN" failures="0" tests="1" name="test.LoginTest" time="19.271" errors="0" timestamp="2020-02-20T12:14:14 CST" skipped="0">
  <testcase classname="test.LoginTest" name="validUserShouldBeAbleToLogin" time="19.271"/>
</testsuite> <!-- test.LoginTest -->
