<?xml version="1.0" encoding="UTF-8"?>
<!-- Generated by org.testng.reporters.JUnitReportReporter -->
<testsuite hostname="DESKTOP-TV5S1MN" failures="0" tests="1" name="test.UserShouldBeAbleToLogin" time="7.123" errors="0" timestamp="2020-02-16T11:30:26 CST" skipped="0">
  <testcase classname="test.UserShouldBeAbleToLogin" name="LoginPage" time="7.123"/>
</testsuite> <!-- test.UserShouldBeAbleToLogin -->
